<?xml version="1.0" encoding="UTF-8"?>
<coverage generated="1645130784714" clover="3.2.0">
  <project timestamp="1645130784714" name="All files">
    <metrics statements="35" coveredstatements="33" conditionals="16" coveredconditionals="14" methods="6" coveredmethods="6" elements="57" coveredelements="53" complexity="0" loc="35" ncloc="35" packages="2" files="2" classes="2"/>
    <package name="frontend-project-lvl2">
      <metrics statements="16" coveredstatements="15" conditionals="4" coveredconditionals="3" methods="2" coveredmethods="2"/>
      <file name="index.js" path="/home/wieprixxx/Pet-Projects/frontend-project-lvl2/index.js">
        <metrics statements="16" coveredstatements="15" conditionals="4" coveredconditionals="3" methods="2" coveredmethods="2"/>
        <line num="7" count="1" type="stmt"/>
        <line num="8" count="1" type="stmt"/>
        <line num="9" count="1" type="stmt"/>
        <line num="10" count="1" type="stmt"/>
        <line num="11" count="1" type="stmt"/>
        <line num="12" count="1" type="stmt"/>
        <line num="13" count="1" type="cond" truecount="2" falsecount="0"/>
        <line num="16" count="1" type="stmt"/>
        <line num="17" count="1" type="cond" truecount="1" falsecount="1"/>
        <line num="18" count="0" type="stmt"/>
        <line num="21" count="1" type="stmt"/>
        <line num="22" count="1" type="stmt"/>
        <line num="24" count="1" type="stmt"/>
        <line num="25" count="1" type="stmt"/>
        <line num="26" count="1" type="stmt"/>
        <line num="28" count="1" type="stmt"/>
      </file>
    </package>
    <package name="frontend-project-lvl2.src">
      <metrics statements="19" coveredstatements="18" conditionals="12" coveredconditionals="11" methods="4" coveredmethods="4"/>
      <file name="diffStringify.js" path="/home/wieprixxx/Pet-Projects/frontend-project-lvl2/src/diffStringify.js">
        <metrics statements="19" coveredstatements="18" conditionals="12" coveredconditionals="11" methods="4" coveredmethods="4"/>
        <line num="3" count="1" type="cond" truecount="2" falsecount="0"/>
        <line num="4" count="1" type="stmt"/>
        <line num="5" count="1" type="cond" truecount="1" falsecount="1"/>
        <line num="6" count="0" type="stmt"/>
        <line num="9" count="1" type="stmt"/>
        <line num="10" count="5" type="cond" truecount="4" falsecount="0"/>
        <line num="11" count="2" type="cond" truecount="2" falsecount="0"/>
        <line num="12" count="1" type="stmt"/>
        <line num="14" count="1" type="stmt"/>
        <line num="17" count="3" type="cond" truecount="2" falsecount="0"/>
        <line num="18" count="1" type="stmt"/>
        <line num="21" count="2" type="stmt"/>
        <line num="24" count="1" type="stmt"/>
        <line num="25" count="1" type="stmt"/>
        <line num="26" count="1" type="stmt"/>
        <line num="27" count="1" type="stmt"/>
        <line num="28" count="5" type="stmt"/>
        <line num="29" count="1" type="stmt"/>
        <line num="36" count="1" type="stmt"/>
      </file>
    </package>
  </project>
</coverage>
