{"/home/wieprixxx/Pet-Projects/frontend-project-lvl2/index.js": {"path":"/home/wieprixxx/Pet-Projects/frontend-project-lvl2/index.js","statementMap":{"0":{"start":{"line":7,"column":17},"end":{"line":14,"column":1}},"1":{"start":{"line":8,"column":23},"end":{"line":8,"column":38}},"2":{"start":{"line":9,"column":20},"end":{"line":9,"column":44}},"3":{"start":{"line":10,"column":20},"end":{"line":10,"column":44}},"4":{"start":{"line":11,"column":18},"end":{"line":11,"column":46}},"5":{"start":{"line":12,"column":18},"end":{"line":12,"column":46}},"6":{"start":{"line":13,"column":2},"end":{"line":13,"column":76}},"7":{"start":{"line":16,"column":16},"end":{"line":29,"column":1}},"8":{"start":{"line":17,"column":2},"end":{"line":19,"column":3}},"9":{"start":{"line":18,"column":4},"end":{"line":18,"column":61}},"10":{"start":{"line":21,"column":20},"end":{"line":21,"column":60}},"11":{"start":{"line":22,"column":20},"end":{"line":22,"column":60}},"12":{"start":{"line":24,"column":15},"end":{"line":24,"column":62}},"13":{"start":{"line":25,"column":15},"end":{"line":25,"column":62}},"14":{"start":{"line":26,"column":20},"end":{"line":26,"column":40}},"15":{"start":{"line":28,"column":2},"end":{"line":28,"column":46}}},"fnMap":{"0":{"name":"(anonymous_0)","decl":{"start":{"line":7,"column":17},"end":{"line":7,"column":18}},"loc":{"start":{"line":7,"column":35},"end":{"line":14,"column":1}},"line":7},"1":{"name":"(anonymous_1)","decl":{"start":{"line":16,"column":16},"end":{"line":16,"column":17}},"loc":{"start":{"line":16,"column":46},"end":{"line":29,"column":1}},"line":16}},"branchMap":{"0":{"loc":{"start":{"line":13,"column":10},"end":{"line":13,"column":74}},"type":"binary-expr","locations":[{"start":{"line":13,"column":10},"end":{"line":13,"column":40}},{"start":{"line":13,"column":44},"end":{"line":13,"column":74}}],"line":13},"1":{"loc":{"start":{"line":17,"column":2},"end":{"line":19,"column":3}},"type":"if","locations":[{"start":{"line":17,"column":2},"end":{"line":19,"column":3}},{"start":{},"end":{}}],"line":17}},"s":{"0":1,"1":1,"2":1,"3":1,"4":1,"5":1,"6":1,"7":1,"8":1,"9":0,"10":1,"11":1,"12":1,"13":1,"14":1,"15":1},"f":{"0":1,"1":1},"b":{"0":[1,1],"1":[0,1]},"_coverageSchema":"1a1c01bbd47fc00a2c39e90264f33305004495a9","hash":"372e6fc3325eec2d4825b21b55b15651f11f6fcc"}
,"/home/wieprixxx/Pet-Projects/frontend-project-lvl2/src/diffStringify.js": {"path":"/home/wieprixxx/Pet-Projects/frontend-project-lvl2/src/diffStringify.js","statementMap":{"0":{"start":{"line":3,"column":22},"end":{"line":37,"column":1}},"1":{"start":{"line":4,"column":15},"end":{"line":34,"column":3}},"2":{"start":{"line":5,"column":4},"end":{"line":7,"column":5}},"3":{"start":{"line":6,"column":6},"end":{"line":6,"column":27}},"4":{"start":{"line":9,"column":21},"end":{"line":22,"column":5}},"5":{"start":{"line":10,"column":6},"end":{"line":15,"column":7}},"6":{"start":{"line":11,"column":8},"end":{"line":13,"column":9}},"7":{"start":{"line":12,"column":10},"end":{"line":12,"column":55}},"8":{"start":{"line":14,"column":8},"end":{"line":14,"column":94}},"9":{"start":{"line":17,"column":6},"end":{"line":19,"column":7}},"10":{"start":{"line":18,"column":8},"end":{"line":18,"column":53}},"11":{"start":{"line":21,"column":6},"end":{"line":21,"column":51}},"12":{"start":{"line":24,"column":26},"end":{"line":24,"column":54}},"13":{"start":{"line":25,"column":23},"end":{"line":25,"column":38}},"14":{"start":{"line":26,"column":19},"end":{"line":26,"column":41}},"15":{"start":{"line":27,"column":31},"end":{"line":27,"column":63}},"16":{"start":{"line":28,"column":18},"end":{"line":28,"column":71}},"17":{"start":{"line":28,"column":49},"end":{"line":28,"column":70}},"18":{"start":{"line":29,"column":4},"end":{"line":33,"column":17}},"19":{"start":{"line":36,"column":2},"end":{"line":36,"column":28}}},"fnMap":{"0":{"name":"(anonymous_0)","decl":{"start":{"line":3,"column":22},"end":{"line":3,"column":23}},"loc":{"start":{"line":3,"column":73},"end":{"line":37,"column":1}},"line":3},"1":{"name":"(anonymous_1)","decl":{"start":{"line":4,"column":15},"end":{"line":4,"column":16}},"loc":{"start":{"line":4,"column":36},"end":{"line":34,"column":3}},"line":4},"2":{"name":"(anonymous_2)","decl":{"start":{"line":9,"column":21},"end":{"line":9,"column":22}},"loc":{"start":{"line":9,"column":41},"end":{"line":22,"column":5}},"line":9},"3":{"name":"(anonymous_3)","decl":{"start":{"line":28,"column":40},"end":{"line":28,"column":41}},"loc":{"start":{"line":28,"column":49},"end":{"line":28,"column":70}},"line":28}},"branchMap":{"0":{"loc":{"start":{"line":3,"column":46},"end":{"line":3,"column":55}},"type":"default-arg","locations":[{"start":{"line":3,"column":52},"end":{"line":3,"column":55}}],"line":3},"1":{"loc":{"start":{"line":3,"column":57},"end":{"line":3,"column":68}},"type":"default-arg","locations":[{"start":{"line":3,"column":67},"end":{"line":3,"column":68}}],"line":3},"2":{"loc":{"start":{"line":5,"column":4},"end":{"line":7,"column":5}},"type":"if","locations":[{"start":{"line":5,"column":4},"end":{"line":7,"column":5}},{"start":{},"end":{}}],"line":5},"3":{"loc":{"start":{"line":10,"column":6},"end":{"line":15,"column":7}},"type":"if","locations":[{"start":{"line":10,"column":6},"end":{"line":15,"column":7}},{"start":{},"end":{}}],"line":10},"4":{"loc":{"start":{"line":10,"column":10},"end":{"line":10,"column":46}},"type":"binary-expr","locations":[{"start":{"line":10,"column":10},"end":{"line":10,"column":26}},{"start":{"line":10,"column":30},"end":{"line":10,"column":46}}],"line":10},"5":{"loc":{"start":{"line":11,"column":8},"end":{"line":13,"column":9}},"type":"if","locations":[{"start":{"line":11,"column":8},"end":{"line":13,"column":9}},{"start":{},"end":{}}],"line":11},"6":{"loc":{"start":{"line":17,"column":6},"end":{"line":19,"column":7}},"type":"if","locations":[{"start":{"line":17,"column":6},"end":{"line":19,"column":7}},{"start":{},"end":{}}],"line":17}},"s":{"0":1,"1":1,"2":1,"3":0,"4":1,"5":5,"6":2,"7":1,"8":1,"9":3,"10":1,"11":2,"12":1,"13":1,"14":1,"15":1,"16":1,"17":5,"18":1,"19":1},"f":{"0":1,"1":1,"2":5,"3":5},"b":{"0":[1],"1":[1],"2":[0,1],"3":[2,3],"4":[5,4],"5":[1,1],"6":[1,2]},"_coverageSchema":"1a1c01bbd47fc00a2c39e90264f33305004495a9","hash":"de7097c12454e45980e52fe2f1f45477e1a803c2"}
}
