TN:
SF:index.js
FN:7,(anonymous_0)
FN:16,(anonymous_1)
FNF:2
FNH:2
FNDA:1,(anonymous_0)
FNDA:1,(anonymous_1)
DA:7,1
DA:8,1
DA:9,1
DA:10,1
DA:11,1
DA:12,1
DA:13,1
DA:16,1
DA:17,1
DA:18,0
DA:21,1
DA:22,1
DA:24,1
DA:25,1
DA:26,1
DA:28,1
LF:16
LH:15
BRDA:13,0,0,1
BRDA:13,0,1,1
BRDA:17,1,0,0
BRDA:17,1,1,1
BRF:4
BRH:3
end_of_record
TN:
SF:src/diffStringify.js
FN:3,(anonymous_0)
FN:4,(anonymous_1)
FN:9,(anonymous_2)
FN:28,(anonymous_3)
FNF:4
FNH:4
FNDA:1,(anonymous_0)
FNDA:1,(anonymous_1)
FNDA:5,(anonymous_2)
FNDA:5,(anonymous_3)
DA:3,1
DA:4,1
DA:5,1
DA:6,0
DA:9,1
DA:10,5
DA:11,2
DA:12,1
DA:14,1
DA:17,3
DA:18,1
DA:21,2
DA:24,1
DA:25,1
DA:26,1
DA:27,1
DA:28,5
DA:29,1
DA:36,1
LF:19
LH:18
BRDA:3,0,0,1
BRDA:3,1,0,1
BRDA:5,2,0,0
BRDA:5,2,1,1
BRDA:10,3,0,2
BRDA:10,3,1,3
BRDA:10,4,0,5
BRDA:10,4,1,4
BRDA:11,5,0,1
BRDA:11,5,1,1
BRDA:17,6,0,1
BRDA:17,6,1,2
BRF:12
BRH:11
end_of_record
